<?xml version="1.0" encoding="UTF-8"?>
<!-- Generated by org.testng.reporters.JUnitReportReporter -->
<testsuite hostname="localhost" name="org.apache.airavat.entity.parser.ProcessEntityParserTest" tests="4" failures="0" timestamp="28 Nov 2011 09:27:47 GMT" time="0.214" errors="0">
  <testcase name="doParseInvalidXML" time="0.020" classname="org.apache.airavat.entity.parser.ProcessEntityParserTest"/>
  <testcase name="notNullgetUnmarshaller" time="0.001" classname="org.apache.airavat.entity.parser.ProcessEntityParserTest"/>
  <testcase name="applyValidations" time="0.012" classname="org.apache.airavat.entity.parser.ProcessEntityParserTest"/>
  <testcase name="doParse" time="0.181" classname="org.apache.airavat.entity.parser.ProcessEntityParserTest"/>
</testsuite>
