<?xml version="1.0" encoding="UTF-8"?>
<!-- Generated by org.testng.reporters.JUnitReportReporter -->
<testsuite hostname="localhost" name="org.apache.airavat.entity.parser.ProcessEntityParserTest" tests="3" failures="0" timestamp="27 Nov 2011 18:15:25 GMT" time="0.158" errors="0">
  <testcase name="doParse" time="0.147" classname="org.apache.airavat.entity.parser.ProcessEntityParserTest"/>
  <testcase name="notNullgetUnmarshaller" time="0.001" classname="org.apache.airavat.entity.parser.ProcessEntityParserTest"/>
  <testcase name="applyValidations" time="0.010" classname="org.apache.airavat.entity.parser.ProcessEntityParserTest"/>
</testsuite>
