<?xml version="1.0" encoding="UTF-8" ?>
<testsuite failures="0" time="0.426" errors="0" skipped="0" tests="3" name="TestSuite">
  <properties>
    <property name="java.runtime.name" value="Java(TM) SE Runtime Environment"/>
    <property name="sun.boot.library.path" value="/System/Library/Java/JavaVirtualMachines/1.6.0.jdk/Contents/Libraries"/>
    <property name="java.vm.version" value="20.4-b02-402"/>
    <property name="awt.nativeDoubleBuffering" value="true"/>
    <property name="gopherProxySet" value="false"/>
    <property name="mrj.build" value="11M3527"/>
    <property name="java.vm.vendor" value="Apple Inc."/>
    <property name="java.vendor.url" value="http://www.apple.com/"/>
    <property name="path.separator" value=":"/>
    <property name="java.vm.name" value="Java HotSpot(TM) 64-Bit Server VM"/>
    <property name="file.encoding.pkg" value="sun.io"/>
    <property name="user.country" value="US"/>
    <property name="sun.java.launcher" value="SUN_STANDARD"/>
    <property name="sun.os.patch.level" value="unknown"/>
    <property name="java.vm.specification.name" value="Java Virtual Machine Specification"/>
    <property name="user.dir" value="/Users/shaik.idris/AiravatGH/Airavat/common"/>
    <property name="java.runtime.version" value="1.6.0_29-b11-402-11M3527"/>
    <property name="java.awt.graphicsenv" value="apple.awt.CGraphicsEnvironment"/>
    <property name="basedir" value="/Users/shaik.idris/AiravatGH/Airavat/common"/>
    <property name="java.endorsed.dirs" value="/System/Library/Java/JavaVirtualMachines/1.6.0.jdk/Contents/Home/lib/endorsed"/>
    <property name="os.arch" value="x86_64"/>
    <property name="surefire.real.class.path" value="/var/folders/_7/14y4gcnd2xz2mbnssy4182xd8w4lrj/T/surefirebooter4237654329704964708.jar"/>
    <property name="java.io.tmpdir" value="/var/folders/_7/14y4gcnd2xz2mbnssy4182xd8w4lrj/T/"/>
    <property name="line.separator" value="
"/>
    <property name="java.vm.specification.vendor" value="Sun Microsystems Inc."/>
    <property name="os.name" value="Mac OS X"/>
    <property name="sun.jnu.encoding" value="MacRoman"/>
    <property name="java.library.path" value=".:/Library/Java/Extensions:/System/Library/Java/Extensions:/usr/lib/java"/>
    <property name="surefire.test.class.path" value="/Users/shaik.idris/AiravatGH/Airavat/common/target/test-classes:/Users/shaik.idris/AiravatGH/Airavat/common/target/classes:/Users/shaik.idris/.m2/repository/javax/xml/bind/jaxb-api/2.1/jaxb-api-2.1.jar:/Users/shaik.idris/.m2/repository/javax/xml/stream/stax-api/1.0-2/stax-api-1.0-2.jar:/Users/shaik.idris/.m2/repository/javax/activation/activation/1.1/activation-1.1.jar:/Users/shaik.idris/.m2/repository/org/testng/testng/6.1.1/testng-6.1.1.jar:/Users/shaik.idris/.m2/repository/junit/junit/3.8.1/junit-3.8.1.jar:/Users/shaik.idris/.m2/repository/org/beanshell/bsh/2.0b4/bsh-2.0b4.jar:/Users/shaik.idris/.m2/repository/com/beust/jcommander/1.12/jcommander-1.12.jar:/Users/shaik.idris/.m2/repository/org/yaml/snakeyaml/1.6/snakeyaml-1.6.jar:/Users/shaik.idris/.m2/repository/commons-logging/commons-logging/1.1/commons-logging-1.1.jar:/Users/shaik.idris/.m2/repository/log4j/log4j/1.2.15/log4j-1.2.15.jar:/Users/shaik.idris/.m2/repository/org/testng/testng/5.8/testng-5.8-jdk15.jar:/Users/shaik.idris/.m2/repository/org/slf4j/slf4j-simple/1.2/slf4j-simple-1.2.jar:/Users/shaik.idris/.m2/repository/org/slf4j/slf4j-api/1.2/slf4j-api-1.2.jar:/Users/shaik.idris/.m2/repository/org/perf4j/perf4j/0.9.9/perf4j-0.9.9-log4jonly.jar:/Users/shaik.idris/.m2/repository/org/easymock/easymock/2.4/easymock-2.4.jar:/Users/shaik.idris/.m2/repository/org/codehaus/jackson/jackson-core-asl/1.0.1/jackson-core-asl-1.0.1.jar:/Users/shaik.idris/.m2/repository/org/codehaus/jackson/jackson-mapper-asl/1.0.1/jackson-mapper-asl-1.0.1.jar:"/>
    <property name="java.specification.name" value="Java Platform API Specification"/>
    <property name="java.class.version" value="50.0"/>
    <property name="sun.management.compiler" value="HotSpot 64-Bit Tiered Compilers"/>
    <property name="os.version" value="10.7.2"/>
    <property name="http.nonProxyHosts" value="local|*.local|169.254/16|*.169.254/16"/>
    <property name="user.home" value="/Users/shaik.idris"/>
    <property name="user.timezone" value="GMT+05:30"/>
    <property name="java.awt.printerjob" value="apple.awt.CPrinterJob"/>
    <property name="java.specification.version" value="1.6"/>
    <property name="file.encoding" value="MacRoman"/>
    <property name="user.name" value="shaik.idris"/>
    <property name="java.class.path" value="/Users/shaik.idris/AiravatGH/Airavat/common/target/test-classes:/Users/shaik.idris/AiravatGH/Airavat/common/target/classes:/Users/shaik.idris/.m2/repository/javax/xml/bind/jaxb-api/2.1/jaxb-api-2.1.jar:/Users/shaik.idris/.m2/repository/javax/xml/stream/stax-api/1.0-2/stax-api-1.0-2.jar:/Users/shaik.idris/.m2/repository/javax/activation/activation/1.1/activation-1.1.jar:/Users/shaik.idris/.m2/repository/org/testng/testng/6.1.1/testng-6.1.1.jar:/Users/shaik.idris/.m2/repository/junit/junit/3.8.1/junit-3.8.1.jar:/Users/shaik.idris/.m2/repository/org/beanshell/bsh/2.0b4/bsh-2.0b4.jar:/Users/shaik.idris/.m2/repository/com/beust/jcommander/1.12/jcommander-1.12.jar:/Users/shaik.idris/.m2/repository/org/yaml/snakeyaml/1.6/snakeyaml-1.6.jar:/Users/shaik.idris/.m2/repository/commons-logging/commons-logging/1.1/commons-logging-1.1.jar:/Users/shaik.idris/.m2/repository/log4j/log4j/1.2.15/log4j-1.2.15.jar:/Users/shaik.idris/.m2/repository/org/testng/testng/5.8/testng-5.8-jdk15.jar:/Users/shaik.idris/.m2/repository/org/slf4j/slf4j-simple/1.2/slf4j-simple-1.2.jar:/Users/shaik.idris/.m2/repository/org/slf4j/slf4j-api/1.2/slf4j-api-1.2.jar:/Users/shaik.idris/.m2/repository/org/perf4j/perf4j/0.9.9/perf4j-0.9.9-log4jonly.jar:/Users/shaik.idris/.m2/repository/org/easymock/easymock/2.4/easymock-2.4.jar:/Users/shaik.idris/.m2/repository/org/codehaus/jackson/jackson-core-asl/1.0.1/jackson-core-asl-1.0.1.jar:/Users/shaik.idris/.m2/repository/org/codehaus/jackson/jackson-mapper-asl/1.0.1/jackson-mapper-asl-1.0.1.jar:"/>
    <property name="java.vm.specification.version" value="1.0"/>
    <property name="sun.arch.data.model" value="64"/>
    <property name="java.home" value="/System/Library/Java/JavaVirtualMachines/1.6.0.jdk/Contents/Home"/>
    <property name="sun.java.command" value="/var/folders/_7/14y4gcnd2xz2mbnssy4182xd8w4lrj/T/surefirebooter4237654329704964708.jar /var/folders/_7/14y4gcnd2xz2mbnssy4182xd8w4lrj/T/surefire7184577541808906417tmp /var/folders/_7/14y4gcnd2xz2mbnssy4182xd8w4lrj/T/surefire7748481875922619925tmp"/>
    <property name="java.specification.vendor" value="Sun Microsystems Inc."/>
    <property name="user.language" value="en"/>
    <property name="awt.toolkit" value="apple.awt.CToolkit"/>
    <property name="java.vm.info" value="mixed mode"/>
    <property name="java.version" value="1.6.0_29"/>
    <property name="java.ext.dirs" value="/Library/Java/Extensions:/System/Library/Java/Extensions:/System/Library/Java/JavaVirtualMachines/1.6.0.jdk/Contents/Home/lib/ext"/>
    <property name="sun.boot.class.path" value="/System/Library/Java/JavaVirtualMachines/1.6.0.jdk/Contents/Classes/jsfd.jar:/System/Library/Java/JavaVirtualMachines/1.6.0.jdk/Contents/Classes/classes.jar:/System/Library/Frameworks/JavaVM.framework/Frameworks/JavaRuntimeSupport.framework/Resources/Java/JavaRuntimeSupport.jar:/System/Library/Java/JavaVirtualMachines/1.6.0.jdk/Contents/Classes/ui.jar:/System/Library/Java/JavaVirtualMachines/1.6.0.jdk/Contents/Classes/laf.jar:/System/Library/Java/JavaVirtualMachines/1.6.0.jdk/Contents/Classes/sunrsasign.jar:/System/Library/Java/JavaVirtualMachines/1.6.0.jdk/Contents/Classes/jsse.jar:/System/Library/Java/JavaVirtualMachines/1.6.0.jdk/Contents/Classes/jce.jar:/System/Library/Java/JavaVirtualMachines/1.6.0.jdk/Contents/Classes/charsets.jar"/>
    <property name="java.vendor" value="Apple Inc."/>
    <property name="localRepository" value="/Users/shaik.idris/.m2/repository"/>
    <property name="file.separator" value="/"/>
    <property name="java.vendor.url.bug" value="http://bugreport.apple.com/"/>
    <property name="sun.cpu.endian" value="little"/>
    <property name="sun.io.unicode.encoding" value="UnicodeLittle"/>
    <property name="mrj.version" value="1070.1.6.0_29-402"/>
    <property name="socksNonProxyHosts" value="local|*.local|169.254/16|*.169.254/16"/>
    <property name="ftp.nonProxyHosts" value="local|*.local|169.254/16|*.169.254/16"/>
    <property name="sun.cpu.isalist" value=""/>
  </properties>
  <testcase time="0.167" classname="org.apache.airavat.entity.parser.ProcessEntityParserTest" name="doParse"/>
  <testcase time="0" classname="org.apache.airavat.entity.parser.ProcessEntityParserTest" name="notNullgetUnmarshaller"/>
  <testcase time="0" classname="org.apache.airavat.entity.parser.ProcessEntityParserTest" name="applyValidations"/>
</testsuite>